==332== Memcheck, a memory error detector
==332== Copyright (C) 2002-2017, and GNU GPL'd, by Julian Seward et al.
==332== Using Valgrind-3.13.0 and LibVEX; rerun with -h for copyright info
==332== Command: ./a.out graph1.net
==332== Parent PID: 4
==332== 
==332== error calling PR_SET_PTRACER, vgdb might block
==332== 
==332== HEAP SUMMARY:
==332==     in use at exit: 552 bytes in 1 blocks
==332==   total heap usage: 16 allocs, 15 frees, 2,136 bytes allocated
==332== 
==332== LEAK SUMMARY:
==332==    definitely lost: 0 bytes in 0 blocks
==332==    indirectly lost: 0 bytes in 0 blocks
==332==      possibly lost: 0 bytes in 0 blocks
==332==    still reachable: 552 bytes in 1 blocks
==332==         suppressed: 0 bytes in 0 blocks
==332== Reachable blocks (those to which a pointer was found) are not shown.
==332== To see them, rerun with: --leak-check=full --show-leak-kinds=all
==332== 
==332== For counts of detected and suppressed errors, rerun with: -v
==332== ERROR SUMMARY: 0 errors from 0 contexts (suppressed: 0 from 0)
