==65== Memcheck, a memory error detector
==65== Copyright (C) 2002-2017, and GNU GPL'd, by Julian Seward et al.
==65== Using Valgrind-3.13.0 and LibVEX; rerun with -h for copyright info
==65== Command: ./a.out new2
==65== 
==65== error calling PR_SET_PTRACER, vgdb might block
Inserting to trie...	**0 - be
**1 - be
a. makenode[0]
b. makenode[0]
c. makenode[0]
temp = temp->subtrees[getIndex(str[i])];
a. makenode[1]
b. makenode[1]
c. makenode[1]
temp = temp->subtrees[getIndex(str[i])];
be made
**0 - bet
**1 - bet
**2 - bet
temp = temp->subtrees[getIndex(str[i])];
temp = temp->subtrees[getIndex(str[i])];
a. makenode[2]
b. makenode[2]
c. makenode[2]
temp = temp->subtrees[getIndex(str[i])];
bet made
**0 - ab
**1 - ab
a. makenode[0]
b. makenode[0]
c. makenode[0]
temp = temp->subtrees[g==65== Invalid free() / delete / delete[] / realloc()
==65==    at 0x4C30D3B: free (in /usr/lib/valgrind/vgpreload_memcheck-amd64-linux.so)
==65==    by 0x108C46: trieDestroy (in /home/dewyeon/hw7/a.out)
==65==    by 0x108C88: trieDestroy (in /home/dewyeon/hw7/a.out)
==65==    by 0x108C88: trieDestroy (in /home/dewyeon/hw7/a.out)
==65==    by 0x109400: main (in /home/dewyeon/hw7/a.out)
==65==  Address 0x1fff0001a0 is on thread 1's stack
==65==  in frame #4, created by main (???:)
==65== 
etIndex(str[i])];
a. makenode[1]
b. makenode[1]
c. makenode[1]
temp = temp->subtrees[getIndex(str[i])];
ab made
[done]

Query: 0
1
#2
1
#1
#0
deleting~
4
#1
19
#1
#0
deleting~
==65== 
==65== HEAP SUMMARY:
==65==     in use at exit: 43,456 bytes in 194 blocks
==65==   total heap usage: 200 allocs, 8 frees, 45,992 bytes allocated
==65== 
==65== LEAK SUMMARY:
==65==    definitely lost: 42,784 bytes in 191 blocks
==65==    indirectly lost: 672 bytes in 3 blocks
==65==      possibly lost: 0 bytes in 0 blocks
==65==    still reachable: 0 bytes in 0 blocks
==65==         suppressed: 0 bytes in 0 blocks
==65== Rerun with --leak-check=full to see details of leaked memory
==65== 
==65== For counts of detected and suppressed errors, rerun with: -v
==65== ERROR SUMMARY: 2 errors from 1 contexts (suppressed: 0 from 0)
