==217== Memcheck, a memory error detector
==217== Copyright (C) 2002-2017, and GNU GPL'd, by Julian Seward et al.
==217== Using Valgrind-3.13.0 and LibVEX; rerun with -h for copyright info
==217== Command: ./a.out new2
==217== 
==217== error calling PR_SET_PTRACER, vgdb might block
Inserting to trie...	[done]

Query: recursive
recursive
deleting~
free(root->subtrees[i])
free(root->subtrees[i])
free(root->subtrees[i])
free(root->subtrees[i])
free(root->subtrees[i])
free(root->subtrees[i])
free(root->subtrees[i])
free(root->subtrees[i])
free(root->subtrees[i])
free(root->subtrees[i])
free(root->subtrees[i])
free(root->subtrees[i])
free(root->subtrees[i])
free(root->subtrees[i])
free(root->subtrees[i])
free(root->subtrees[i])
free(root->subtrees[i])
free(root->subtrees[i])
free(root->sub==217== Invalid free() / delete / delete[] / realloc()
==217==    at 0x4C30D3B: free (in /usr/lib/valgrind/vgpreload_memcheck-amd64-linux.so)
==217==    by 0x108CCE: trieDestroy (trie.c:69)
==217==    by 0x108C67: trieDestroy (trie.c:60)
==217==    by 0x108C67: trieDestroy (trie.c:60)
==217==    by 0x1093CC: main (trie.c:242)
==217==  Address 0x1fff0001a0 is on thread 1's stack
==217==  in frame #4, created by main (trie.c:182)
==217== 
==217== Invalid free() / delete / delete[] / realloc()
==217==    at 0x4C30D3B: free (in /usr/lib/valgrind/vgpreload_memcheck-amd64-linux.so)
==217==    by 0x108C9D: trieDestroy (trie.c:65)
==217==    by 0x108C67: trieDestroy (trie.c:60)
==217==    by 0x1093CC: main (trie.c:242)
==217==  Address 0x52374b0 is 0 bytes inside a block of size 224 free'd
==217==    at 0x4C30D3B: free (in /usr/lib/valgrind/vgpreload_memcheck-amd64-linux.so)
==217==    by 0x108CF1: trieDestroy (trie.c:72)
==217==    by 0x108C67: trieDestroy (trie.c:60)
==217==    by 0x108C67: trieDestroy (trie.c:60)
==217==    by 0x1093CC: main (trie.c:242)
==217==  Block was alloc'd at
==217==    at 0x4C2FB0F: malloc (in /usr/lib/valgrind/vgpreload_memcheck-amd64-linux.so)
==217==    by 0x108B2B: trieCreateNode (trie.c:26)
==217==    by 0x108E9C: trieInsert (trie.c:94)
==217==    by 0x10931F: main (trie.c:210)
==217== 
trees[i])
free(root->subtrees[i])
free(root->subtrees[i])
free(root->subtrees[i])
free(root->subtrees[i])
free(root->subtrees[i])
free(root->subtrees[i])
free(root->subtrees[i])
free(root->subtrees[i])
free(root->entry)
free(root)
deleting2~
free(root->subtrees[i])
free(root->subtrees[i])
free(root->subtrees[i])
free(root->subtrees[i])
free(root->subtrees[i])
free(root->subtrees[i])
free(root->subtrees[i])
free(root->subtrees[i])
free(root->subtrees[i])
free(root->subtrees[i])
free(root->subtrees[i])
free(root->subtrees[i])
free(root->subtrees[i])
free(root->subtrees[i])
free(root->subtrees[i])
free(root->subtrees[i])
free(root->subtrees[i])
free(root->subtrees[i])
free(root->subtrees[i])
free(root->subtrees[i])
free(root->subtrees[i])
free(root->subtrees[i])
free(root->subtrees[i])
free(root->subtrees[i])
free(root->subtrees[i])
free(root->subtrees[i])
free(root->subtrees[i])
free(root)
recursive
recursive
recursive
deleting~
free(root->subtrees[i])
free(root->subtrees[i])
free(root->subtrees[i])
free(root->subtrees[i])
free(root->subtrees[i])
free(root->subtrees[i])
free(root->subtrees[i])
free(root->subtrees[i])
free(root->subtrees[i])
free(root->subtrees[i])
free(root->subtrees[i])
free(root->subtrees[i])
free(root->subtrees[i])
free(root->subtrees[i])
free(root->subtrees[i])
free(root->subtrees[i])
free(root->subtrees[i])
free(root->subtrees[i])
free(root->subtrees[i])
free(root->subtrees[i])
free(root->subtrees[i])
free(root->subtrees[i])
free(root->subtrees[i])
free(root->subtrees[i])
free(root->subtrees[i])
free(root->subtrees[i])
free(root->subtrees[i])
free(root->entry)
free(root)
deleting2~
free(root->subtrees[i])
free(root->subtrees[i])
free(root->subtrees[i])
free(root->subtrees[i])
free(root->subtrees[i])
free(root->subtrees[i])
free(root->subtrees[i])
free(root->subtrees[i])
free(root->subtrees[i])
free(root->subtrees[i])
free(root->subtrees[i])
free(root->subtrees[i])
free(root->subtrees[i])
free(root->subtrees[i])
free(root->subtrees[i])
free(root->subtrees[i])
free(root->subtrees[i])
free(root->==217== Invalid free() / delete / delete[] / realloc()
==217==    at 0x4C30D3B: free (in /usr/lib/valgrind/vgpreload_memcheck-amd64-linux.so)
==217==    by 0x108C9D: trieDestroy (trie.c:65)
==217==    by 0x108C67: trieDestroy (trie.c:60)
==217==    by 0x108C67: trieDestroy (trie.c:60)
==217==    by 0x1093CC: main (trie.c:242)
==217==  Address 0x52335b0 is 0 bytes inside a block of size 224 free'd
==217==    at 0x4C30D3B: free (in /usr/lib/valgrind/vgpreload_memcheck-amd64-linux.so)
==217==    by 0x108CF1: trieDestroy (trie.c:72)
==217==    by 0x108C67: trieDestroy (trie.c:60)
==217==    by 0x108C67: trieDestroy (trie.c:60)
==217==    by 0x108C67: trieDestroy (trie.c:60)
==217==    by 0x1093CC: main (trie.c:242)
==217==  Block was alloc'd at
==217==    at 0x4C2FB0F: malloc (in /usr/lib/valgrind/vgpreload_memcheck-amd64-linux.so)
==217==    by 0x108B2B: trieCreateNode (trie.c:26)
==217==    by 0x108E9C: trieInsert (trie.c:94)
==217==    by 0x10931F: main (trie.c:210)
==217== 
subtrees[i])
free(root->subtrees[i])
free(root->subtrees[i])
free(root->subtrees[i])
free(root->subtrees[i])
free(root->subtrees[i])
free(root->subtrees[i])
free(root->subtrees[i])
free(root->subtrees[i])
free(root->subtrees[i])
free(root->entry)
free(root)
deleting2~
free(root->subtrees[i])
free(root->subtrees[i])
free(root->subtrees[i])
free(root->subtrees[i])
free(root->subtrees[i])
free(root->subtrees[i])
free(root->subtrees[i])
free(root->subtrees[i])
free(root->subtrees[i])
free(root->subtrees[i])
fre==217== Invalid free() / delete / delete[] / realloc()
==217==    at 0x4C30D3B: free (in /usr/lib/valgrind/vgpreload_memcheck-amd64-linux.so)
==217==    by 0x108C9D: trieDestroy (trie.c:65)
==217==    by 0x1093CC: main (trie.c:242)
==217==  Address 0x5235530 is 0 bytes inside a block of size 224 free'd
==217==    at 0x4C30D3B: free (in /usr/lib/valgrind/vgpreload_memcheck-amd64-linux.so)
==217==    by 0x108CF1: trieDestroy (trie.c:72)
==217==    by 0x108C67: trieDestroy (trie.c:60)
==217==    by 0x1093CC: main (trie.c:242)
==217==  Block was alloc'd at
==217==    at 0x4C2FB0F: malloc (in /usr/lib/valgrind/vgpreload_memcheck-amd64-linux.so)
==217==    by 0x108B2B: trieCreateNode (trie.c:26)
==217==    by 0x108E9C: trieInsert (trie.c:94)
==217==    by 0x10931F: main (trie.c:210)
==217== 
e(root->subtrees[i])
free(root->subtrees[i])
free(root->subtrees[i])
free(root->subtrees[i])
free(root->subtrees[i])
free(root->subtrees[i])
free(root->subtrees[i])
free(root->subtrees[i])
free(root->subtrees[i])
free(root->subtrees[i])
free(root->subtrees[i])
free(root->subtrees[i])
free(root->subtrees[i])
free(root->subtrees[i])
free(root->subtrees[i])
free(root->subtrees[i])
free(root->subtrees[i])
free(root)
deleting2~
free(root->subtrees[i])
free(root->subtrees[i])
free(root->subtrees[i])
free(root->subtrees[i])
free(root->subtrees[i])
free(root->subtrees[i])
free(root->subtrees[i])
free(root->subtrees[i])
free(root->subtrees[i])
free(root->subtrees[i])
free(root->subtrees[i])
free(root->subtrees[i])
free(root->subtrees[i])
free(root->subtrees[i])
free(root->subtrees[i])
free(root->subtrees[i])
free(root->subtrees[i])
free(root->subtrees[i])
free(root->subtrees[i])
free(root->subtrees[i])
free(root->subtrees[i])
free(root->subtrees[i])
free(root->subtrees[i])
free(root->subtrees[i])
free(root->subtrees[i])
free(root->subtrees[i])
free(root->subtrees[i])
free(root)
==217== 
==217== HEAP SUMMARY:
==217==     in use at exit: 36,288 bytes in 162 blocks
==217==   total heap usage: 172 allocs, 18 frees, 39,720 bytes allocated
==217== 
==217== LEAK SUMMARY:
==217==    definitely lost: 36,288 bytes in 162 blocks
==217==    indirectly lost: 0 bytes in 0 blocks
==217==      possibly lost: 0 bytes in 0 blocks
==217==    still reachable: 0 bytes in 0 blocks
==217==         suppressed: 0 bytes in 0 blocks
==217== Rerun with --leak-check=full to see details of leaked memory
==217== 
==217== For counts of detected and suppressed errors, rerun with: -v
==217== ERROR SUMMARY: 8 errors from 4 contexts (suppressed: 0 from 0)
